<?xml version="1.0" encoding="UTF-8"?>
<testsuite name="GradleTest" tests="1" skipped="0" failures="0" errors="0" timestamp="2016-06-10T15:42:38" hostname="vikass-MacBook-Pro.local" time="0.002">
  <properties/>
  <testcase name="testAdd" classname="GradleTest" time="0.002"/>
  <system-out><![CDATA[Value is --> 6.0
]]></system-out>
  <system-err><![CDATA[]]></system-err>
</testsuite>
