<?xml version="1.0" encoding="UTF-8"?>
<testsuite name="test.java.GradleTest" tests="1" skipped="0" failures="0" errors="0" timestamp="2016-06-10T15:40:48" hostname="vikass-MacBook-Pro.local" time="0.002">
  <properties/>
  <testcase name="testAdd" classname="test.java.GradleTest" time="0.002"/>
  <system-out><![CDATA[]]></system-out>
  <system-err><![CDATA[]]></system-err>
</testsuite>
