<component name="libraryTable">
  <library name="junit-4.4">
    <CLASSES>
      <root url="jar://$USER_HOME$/.gradle/caches/modules-2/files-2.1/junit/junit/4.4/8f35ee1f35d2dadbb5029991449ee90c1bab4d4a/junit-4.4.jar!/" />
    </CLASSES>
    <JAVADOC />
    <SOURCES />
  </library>
</component>